*** Using Compiler 'V5.05 update 2 (build 169)', folder: 'E:\Program Files\Keil_v5\ARM\ARMCC\Bin'
Build target 'Demo'
compiling main.c...
compiling usercode.c...
compiling config.c...
compiling task_irq.c...
compiling task_sysinit.c...
compiling task_userinit.c...
..\Apply\Task\Src\task_userinit.c(7): warning:  #177-D: variable "ret" was declared but never referenced
        int ret = 0;
..\Apply\Task\Src\task_userinit.c: 1 warning, 0 errors
compiling task_adcollect.c...
compiling task_uart.c...
compiling task_altimeter.c...
compiling task_depthometer.c...
compiling task_manipulator.c...
compiling task_smp.c...
compiling task_tkc.c...
compiling task_voltage.c...
compiling ocd_ads1256.c...
compiling ocd_at24cxx.c...
compiling ocd_ds3231.c...
compiling ocd_fatfs.c...
compiling ocd_jy901.c...
compiling ocd_sdcard.c...
compiling ocd_oled.c...
compiling ocd_ch438q.c...
..\Bsp\OCD\Src\ocd_ch438q.c(103): warning:  #177-D: function "S_CH438Q_AMOD_L" was declared but never referenced
  static void S_CH438Q_AMOD_L(tagCH438Q_T *_tCH438Q)
..\Bsp\OCD\Src\ocd_ch438q.c: 1 warning, 0 errors
compiling ocd_rm3100.c...
compiling dev_ps2.c...
compiling algo_func.c...
compiling ff.c...
compiling diskio.c...
compiling drv_hal.c...
compiling drv_hal_adc.c...
compiling drv_hal_delay.c...
compiling drv_hal_gpio.c...
compiling drv_hal_iic_soft.c...
compiling drv_hal_pwm.c...
compiling drv_hal_spi.c...
compiling drv_hal_spi_soft.c...
compiling drv_hal_timer.c...
compiling drv_hal_uart.c...
compiling stm32f1xx_hal.c...
compiling stm32f1xx_hal_adc.c...
compiling stm32f1xx_hal_adc_ex.c...
compiling stm32f1xx_hal_can.c...
compiling stm32f1xx_hal_cec.c...
compiling stm32f1xx_hal_cortex.c...
compiling stm32f1xx_hal_crc.c...
compiling stm32f1xx_hal_dac.c...
compiling stm32f1xx_hal_dac_ex.c...
compiling stm32f1xx_hal_dma.c...
compiling stm32f1xx_hal_eth.c...
compiling stm32f1xx_hal_exti.c...
compiling stm32f1xx_hal_flash.c...
compiling stm32f1xx_hal_flash_ex.c...
compiling stm32f1xx_hal_gpio.c...
compiling stm32f1xx_hal_gpio_ex.c...
compiling stm32f1xx_hal_hcd.c...
compiling stm32f1xx_hal_i2c.c...
compiling stm32f1xx_hal_i2s.c...
compiling stm32f1xx_hal_irda.c...
compiling stm32f1xx_hal_iwdg.c...
compiling stm32f1xx_hal_mmc.c...
compiling stm32f1xx_hal_nand.c...
compiling stm32f1xx_hal_nor.c...
compiling stm32f1xx_hal_pccard.c...
compiling stm32f1xx_hal_pcd.c...
compiling stm32f1xx_hal_pcd_ex.c...
compiling stm32f1xx_hal_pwr.c...
compiling stm32f1xx_hal_rcc.c...
compiling stm32f1xx_hal_rcc_ex.c...
compiling stm32f1xx_hal_rtc.c...
compiling stm32f1xx_hal_rtc_ex.c...
compiling stm32f1xx_hal_sd.c...
compiling stm32f1xx_hal_smartcard.c...
compiling stm32f1xx_hal_spi.c...
compiling stm32f1xx_hal_sram.c...
compiling stm32f1xx_hal_tim.c...
compiling stm32f1xx_hal_tim_ex.c...
compiling stm32f1xx_hal_uart.c...
compiling stm32f1xx_hal_usart.c...
compiling stm32f1xx_hal_wwdg.c...
compiling system_stm32f1xx.c...
assembling startup_stm32f103xe.s...
linking...
Program Size: Code=19344 RO-data=376 RW-data=3288 ZI-data=2384  
".\Objects\STM32.axf" - 0 Error(s), 2 Warning(s).
